[0m17:47:28.332408 [debug] [MainThread]: Sending event: {'category': 'dbt', 'action': 'invocation', 'label': 'start', 'context': [<snowplow_tracker.self_describing_json.SelfDescribingJson object at 0x000001A5E3919610>, <snowplow_tracker.self_describing_json.SelfDescribingJson object at 0x000001A5E3DE6630>, <snowplow_tracker.self_describing_json.SelfDescribingJson object at 0x000001A5E3DE7B60>]}


============================== 17:47:28.342967 | 5322eb02-4ca3-4d80-8f79-ffb4cb86edf5 ==============================
[0m17:47:28.342967 [info ] [MainThread]: Running with dbt=1.9.6
[0m17:47:28.344215 [debug] [MainThread]: running dbt with arguments {'printer_width': '80', 'indirect_selection': 'eager', 'write_json': 'True', 'log_cache_events': 'False', 'partial_parse': 'True', 'cache_selected_only': 'False', 'profiles_dir': 'C:\\Users\\hamza\\.dbt', 'fail_fast': 'False', 'debug': 'False', 'log_path': 'logs', 'warn_error': 'None', 'version_check': 'True', 'use_colors': 'True', 'use_experimental_parser': 'False', 'empty': 'None', 'quiet': 'False', 'no_print': 'None', 'warn_error_options': 'WarnErrorOptions(include=[], exclude=[])', 'invocation_command': 'dbt init bank_reviews_dw', 'static_parser': 'True', 'log_format': 'default', 'target_path': 'None', 'introspect': 'True', 'send_anonymous_usage_stats': 'True'}
[0m17:47:28.388782 [warn ] [MainThread]: [ConfigFolderDirectory]: Unable to parse logging event dictionary. Failed to parse dir field: expected string or bytes-like object, got 'WindowsPath'.. Dictionary: {'dir': WindowsPath('C:/Users/hamza/.dbt')}
[0m17:47:28.388782 [info ] [MainThread]: Creating dbt configuration folder at 
[0m17:47:28.400433 [debug] [MainThread]: Starter project path: C:\Users\hamza\Desktop\DW\project\.venv\Lib\site-packages\dbt\include\starter_project
[0m17:47:28.441340 [info ] [MainThread]: 
Your new dbt project "bank_reviews_dw" was created!

For more information on how to configure the profiles.yml file,
please consult the dbt documentation here:

  https://docs.getdbt.com/docs/configure-your-profile

One more thing:

Need help? Don't hesitate to reach out to us via GitHub issues or on Slack:

  https://community.getdbt.com/

Happy modeling!

[0m17:47:28.442335 [info ] [MainThread]: Setting up your profile.
[0m17:51:27.162816 [info ] [MainThread]: Profile bank_reviews_dw written to C:\Users\hamza\.dbt\profiles.yml using target's profile_template.yml and your supplied values. Run 'dbt debug' to validate the connection.
[0m17:51:27.164819 [debug] [MainThread]: Command `dbt init` succeeded at 17:51:27.164819 after 239.12 seconds
[0m17:51:27.165815 [debug] [MainThread]: Sending event: {'category': 'dbt', 'action': 'invocation', 'label': 'end', 'context': [<snowplow_tracker.self_describing_json.SelfDescribingJson object at 0x000001A5E411E960>, <snowplow_tracker.self_describing_json.SelfDescribingJson object at 0x000001A5E3FEE0C0>, <snowplow_tracker.self_describing_json.SelfDescribingJson object at 0x000001A5E3E0C080>]}
[0m17:51:27.166817 [debug] [MainThread]: Flushing usage events
[0m17:51:27.818332 [debug] [MainThread]: An error was encountered while trying to flush usage events
